#
# There is insufficient memory for the Java Runtime Environment to continue.
# Native memory allocation (mmap) failed to map 264241152 bytes. Error detail: G1 virtual space
# Possible reasons:
#   The system is out of physical RAM or swap space
#   This process is running with CompressedOops enabled, and the Java Heap may be blocking the growth of the native heap
# Possible solutions:
#   Reduce memory load on the system
#   Increase physical memory or swap space
#   Check if swap backing store is full
#   Decrease Java heap size (-Xmx/-Xms)
#   Decrease number of Java threads
#   Decrease Java thread stack sizes (-Xss)
#   Set larger code cache with -XX:ReservedCodeCacheSize=
#   JVM is running with Zero Based Compressed Oops mode in which the Java heap is
#     placed in the first 32GB address space. The Java Heap base address is the
#     maximum limit for the native heap growth. Please use -XX:HeapBaseMinAddress
#     to set the Java Heap base and to place the Java Heap above 32GB virtual address.
# This output file may be truncated or incomplete.
#
#  Out of Memory Error (os_windows.cpp:3631), pid=11444, tid=24944
#
# JRE version:  (22.0.1+8) (build )
# Java VM: Java HotSpot(TM) 64-Bit Server VM (22.0.1+8-16, mixed mode, sharing, tiered, compressed oops, compressed class ptrs, g1 gc, windows-amd64)
# No core dump will be written. Minidumps are not enabled by default on client versions of Windows
#

---------------  S U M M A R Y ------------

Command Line: -Dfile.encoding=UTF-8 --module-path=C:\Users\surya\OneDrive\Documents\NetBeansProjects\University Management System\build\classes university.management.system.Splash

Host: 12th Gen Intel(R) Core(TM) i5-1235U, 12 cores, 15G,  Windows 11 , 64 bit Build 26100 (10.0.26100.3775)
Time: Fri Apr 18 15:13:43 2025 India Standard Time elapsed time: 2.041687 seconds (0d 0h 0m 2s)

---------------  T H R E A D  ---------------

Current thread (0x00000220370395b0):  JavaThread "Unknown thread" [_thread_in_vm, id=24944, stack(0x0000009dd2700000,0x0000009dd2800000) (1024K)]

Stack: [0x0000009dd2700000,0x0000009dd2800000]
Native frames: (J=compiled Java code, j=interpreted, Vv=VM code, C=native code)
V  [jvm.dll+0x6e2279]  (no source info available)
V  [jvm.dll+0x874e33]  (no source info available)
V  [jvm.dll+0x87725e]  (no source info available)
V  [jvm.dll+0x877933]  (no source info available)
V  [jvm.dll+0x27fd76]  (no source info available)
V  [jvm.dll+0x6de915]  (no source info available)
V  [jvm.dll+0x6d341a]  (no source info available)
V  [jvm.dll+0x3589da]  (no source info available)
V  [jvm.dll+0x360f06]  (no source info available)
V  [jvm.dll+0x3b3e2e]  (no source info available)
V  [jvm.dll+0x3b40d8]  (no source info available)
V  [jvm.dll+0x32c59c]  (no source info available)
V  [jvm.dll+0x32d158]  (no source info available)
V  [jvm.dll+0x83ccdc]  (no source info available)
V  [jvm.dll+0x3c0d71]  (no source info available)
V  [jvm.dll+0x825ccc]  (no source info available)
V  [jvm.dll+0x45b8fe]  (no source info available)
V  [jvm.dll+0x45d781]  (no source info available)
C  [jli.dll+0x52a3]  (no source info available)
C  [ucrtbase.dll+0x37b0]  (no source info available)
C  [KERNEL32.DLL+0x2e8d7]  (no source info available)
C  [ntdll.dll+0xb14fc]  (no source info available)


---------------  P R O C E S S  ---------------

Threads class SMR info:
_java_thread_list=0x00007ffb76ceb1c8, length=0, elements={
}

Java Threads: ( => current thread )
Total: 0

Other Threads:
  0x000002203709c5c0 WorkerThread "GC Thread#0"                     [id=20412, stack(0x0000009dd2800000,0x0000009dd2900000) (1024K)]
  0x00000220370ad080 ConcurrentGCThread "G1 Main Marker"            [id=13820, stack(0x0000009dd2900000,0x0000009dd2a00000) (1024K)]
  0x00000220370adb90 WorkerThread "G1 Conc#0"                       [id=23304, stack(0x0000009dd2a00000,0x0000009dd2b00000) (1024K)]

[error occurred during error reporting (printing all threads), id 0xc0000005, EXCEPTION_ACCESS_VIOLATION (0xc0000005) at pc=0x00007ffb7643f367]
VM state: not at safepoint (not fully initialized)

VM Mutex/Monitor currently owned by a thread:  ([mutex/lock_event])
[0x00007ffb76d6bcb8] Heap_lock - owner thread: 0x00000220370395b0

Heap address: 0x0000000705200000, size: 4014 MB, Compressed Oops mode: Zero based, Oop shift amount: 3

CDS archive(s) mapped at: [0x0000000000000000-0x0000000000000000-0x0000000000000000), size 0, SharedBaseAddress: 0x0000000800000000, ArchiveRelocationMode: 1.
Narrow klass base: 0x0000000000000000, Narrow klass shift: 0, Narrow klass range: 0x0

GC Precious Log:
 CardTable entry size: 512
 Card Set container configuration: InlinePtr #cards 4 size 8 Array Of Cards #cards 16 size 48 Howl #buckets 8 coarsen threshold 3686 Howl Bitmap #cards 512 size 80 coarsen threshold 460 Card regions per heap region 1 cards per card region 4096

Heap:
 garbage-first heap   total reserved 4110336K, committed 0K, used 0K [0x0000000705200000, 0x0000000800000000)
  region size 2048K, 0 young (0K), 0 survivors (0K)

[error occurred during error reporting (printing heap information), id 0xc0000005, EXCEPTION_ACCESS_VIOLATION (0xc0000005) at pc=0x00007ffb7683e429]
GC Heap History (0 events):
No events

Dll operation events (1 events):
Event: 0.009 Loaded shared library C:\Program Files\Java\jdk-22\bin\java.dll

Deoptimization events (0 events):
No events

Classes loaded (0 events):
No events

Classes unloaded (0 events):
No events

Classes redefined (0 events):
No events

Internal exceptions (0 events):
No events

ZGC Phase Switch (0 events):
No events

VM Operations (0 events):
No events

Events (0 events):
No events


Dynamic libraries:
0x00007ff7e2500000 - 0x00007ff7e2510000 	C:\Program Files\Java\jdk-22\bin\java.exe
0x00007ffc18400000 - 0x00007ffc18660000 	C:\WINDOWS\SYSTEM32\ntdll.dll
0x00007ffc16c70000 - 0x00007ffc16d37000 	C:\WINDOWS\System32\KERNEL32.DLL
0x00007ffc15a10000 - 0x00007ffc15dda000 	C:\WINDOWS\System32\KERNELBASE.dll
0x00007ffc15f80000 - 0x00007ffc160cb000 	C:\WINDOWS\System32\ucrtbase.dll
0x00007ffbfb7d0000 - 0x00007ffbfb7e7000 	C:\Program Files\Java\jdk-22\bin\jli.dll
0x00007ffc16f60000 - 0x00007ffc17012000 	C:\WINDOWS\System32\ADVAPI32.dll
0x00007ffc0de70000 - 0x00007ffc0de8b000 	C:\Program Files\Java\jdk-22\bin\VCRUNTIME140.dll
0x00007ffc16810000 - 0x00007ffc168b9000 	C:\WINDOWS\System32\msvcrt.dll
0x00007ffc166c0000 - 0x00007ffc16766000 	C:\WINDOWS\System32\sechost.dll
0x00007ffc17120000 - 0x00007ffc17236000 	C:\WINDOWS\System32\RPCRT4.dll
0x00007ffc16aa0000 - 0x00007ffc16c6c000 	C:\WINDOWS\System32\USER32.dll
0x00007ffc15de0000 - 0x00007ffc15e07000 	C:\WINDOWS\System32\win32u.dll
0x00007ffbf6120000 - 0x00007ffbf63b7000 	C:\WINDOWS\WinSxS\amd64_microsoft.windows.common-controls_6595b64144ccf1df_6.0.26100.3624_none_3e086962e3345f24\COMCTL32.dll
0x00007ffc17c60000 - 0x00007ffc17c8a000 	C:\WINDOWS\System32\GDI32.dll
0x00007ffc15760000 - 0x00007ffc15891000 	C:\WINDOWS\System32\gdi32full.dll
0x00007ffc15e10000 - 0x00007ffc15eb3000 	C:\WINDOWS\System32\msvcp_win.dll
0x00007ffc03150000 - 0x00007ffc0315b000 	C:\WINDOWS\SYSTEM32\VERSION.dll
0x00007ffc16db0000 - 0x00007ffc16ddf000 	C:\WINDOWS\System32\IMM32.DLL
0x00007ffc0de20000 - 0x00007ffc0de2c000 	C:\Program Files\Java\jdk-22\bin\vcruntime140_1.dll
0x00007ffbf7890000 - 0x00007ffbf791e000 	C:\Program Files\Java\jdk-22\bin\msvcp140.dll
0x00007ffb76100000 - 0x00007ffb76e47000 	C:\Program Files\Java\jdk-22\bin\server\jvm.dll
0x00007ffc17290000 - 0x00007ffc17304000 	C:\WINDOWS\System32\WS2_32.dll
0x00007ffc15430000 - 0x00007ffc1548e000 	C:\WINDOWS\SYSTEM32\POWRPROF.dll
0x00007ffc0b150000 - 0x00007ffc0b186000 	C:\WINDOWS\SYSTEM32\WINMM.dll
0x00007ffc15410000 - 0x00007ffc15424000 	C:\WINDOWS\SYSTEM32\UMPDC.dll
0x00007ffc143f0000 - 0x00007ffc1440a000 	C:\WINDOWS\SYSTEM32\kernel.appcore.dll
0x00007ffc0dce0000 - 0x00007ffc0dcea000 	C:\Program Files\Java\jdk-22\bin\jimage.dll
0x00007ffc12f90000 - 0x00007ffc131d1000 	C:\WINDOWS\SYSTEM32\DBGHELP.DLL
0x00007ffc178c0000 - 0x00007ffc17c42000 	C:\WINDOWS\System32\combase.dll
0x00007ffc163c0000 - 0x00007ffc16496000 	C:\WINDOWS\System32\OLEAUT32.dll
0x00007ffbef800000 - 0x00007ffbef839000 	C:\WINDOWS\SYSTEM32\dbgcore.DLL
0x00007ffc160d0000 - 0x00007ffc16169000 	C:\WINDOWS\System32\bcryptPrimitives.dll
0x00007ffbfbe90000 - 0x00007ffbfbeae000 	C:\Program Files\Java\jdk-22\bin\java.dll
0x00007ffc17c90000 - 0x00007ffc183b9000 	C:\WINDOWS\System32\SHELL32.dll
0x00007ffc158a0000 - 0x00007ffc15a08000 	C:\WINDOWS\System32\wintypes.dll
0x00007ffc16200000 - 0x00007ffc16396000 	C:\WINDOWS\System32\ole32.dll

dbghelp: loaded successfully - version: 4.0.5 - missing functions: none
symbol engine: initialized successfully - sym options: 0x614 - pdb path: .;C:\Program Files\Java\jdk-22\bin;C:\WINDOWS\SYSTEM32;C:\WINDOWS\WinSxS\amd64_microsoft.windows.common-controls_6595b64144ccf1df_6.0.26100.3624_none_3e086962e3345f24;C:\Program Files\Java\jdk-22\bin\server

VM Arguments:
jvm_args: -Dfile.encoding=UTF-8 --module-path=C:\Users\surya\OneDrive\Documents\NetBeansProjects\University Management System\build\classes 
java_command: university.management.system.Splash
java_class_path (initial): C:\Users\surya\OneDrive\Documents\NetBeansProjects\University Management System\build\classes
Launcher Type: SUN_STANDARD

[Global flags]
     intx CICompilerCount                          = 4                                         {product} {ergonomic}
     uint ConcGCThreads                            = 3                                         {product} {ergonomic}
     uint G1ConcRefinementThreads                  = 10                                        {product} {ergonomic}
   size_t G1HeapRegionSize                         = 2097152                                   {product} {ergonomic}
   size_t InitialHeapSize                          = 264241152                                 {product} {ergonomic}
   size_t MarkStackSize                            = 4194304                                   {product} {ergonomic}
   size_t MaxHeapSize                              = 4208984064                                {product} {ergonomic}
   size_t MinHeapDeltaBytes                        = 2097152                                   {product} {ergonomic}
   size_t MinHeapSize                              = 8388608                                   {product} {ergonomic}
    uintx NonNMethodCodeHeapSize                   = 5839372                                {pd product} {ergonomic}
    uintx NonProfiledCodeHeapSize                  = 122909434                              {pd product} {ergonomic}
    uintx ProfiledCodeHeapSize                     = 122909434                              {pd product} {ergonomic}
    uintx ReservedCodeCacheSize                    = 251658240                              {pd product} {ergonomic}
     bool SegmentedCodeCache                       = true                                      {product} {ergonomic}
   size_t SoftMaxHeapSize                          = 4208984064                             {manageable} {ergonomic}
     bool UseCompressedOops                        = true                           {product lp64_product} {ergonomic}
     bool UseG1GC                                  = true                                      {product} {ergonomic}
     bool UseLargePagesIndividualAllocation        = false                                  {pd product} {ergonomic}

Logging:
Log output configuration:
 #0: stdout all=warning uptime,level,tags foldmultilines=false
 #1: stderr all=off uptime,level,tags foldmultilines=false

Environment Variables:
PATH=C:\Program Files\Common Files\Oracle\Java\javapath;C:\WINDOWS\system32;C:\WINDOWS;C:\WINDOWS\System32\Wbem;C:\WINDOWS\System32\WindowsPowerShell\v1.0\;C:\WINDOWS\System32\OpenSSH\;C:\Program Files (x86)\NVIDIA Corporation\PhysX\Common;C:\Users\surya\AppData\Local\Programs\Python\Launcher\;C:\Users\surya\AppData\Local\Microsoft\WindowsApps;C:\Users\surya\AppData\Local\Programs\Microsoft VS Code\bin;
USERNAME=surya
OS=Windows_NT
PROCESSOR_IDENTIFIER=Intel64 Family 6 Model 154 Stepping 4, GenuineIntel
TMP=C:\Users\surya\AppData\Local\Temp
TEMP=C:\Users\surya\AppData\Local\Temp




Periodic native trim disabled

---------------  S Y S T E M  ---------------

OS:
 Windows 11 , 64 bit Build 26100 (10.0.26100.3775)
OS uptime: 2 days 3:54 hours
Hyper-V role detected

CPU: total 12 (initial active 12) (6 cores per cpu, 2 threads per core) family 6 model 154 stepping 4 microcode 0x42c, cx8, cmov, fxsr, ht, mmx, 3dnowpref, sse, sse2, sse3, ssse3, sse4.1, sse4.2, popcnt, lzcnt, tsc, tscinvbit, avx, avx2, aes, erms, clmul, bmi1, bmi2, adx, sha, fma, vzeroupper, clflush, clflushopt, clwb, hv, serialize, rdtscp, rdpid, fsrm, f16c, cet_ibt, cet_ss
Processor Information for processor 0
  Max Mhz: 1300, Current Mhz: 1300, Mhz Limit: 1300
Processor Information for processor 1
  Max Mhz: 1300, Current Mhz: 1300, Mhz Limit: 1300
Processor Information for processor 2
  Max Mhz: 1300, Current Mhz: 1300, Mhz Limit: 1300
Processor Information for processor 3
  Max Mhz: 1300, Current Mhz: 1300, Mhz Limit: 1300
Processor Information for processor 4
  Max Mhz: 1300, Current Mhz: 900, Mhz Limit: 897
Processor Information for processor 5
  Max Mhz: 1300, Current Mhz: 900, Mhz Limit: 897
Processor Information for processor 6
  Max Mhz: 1300, Current Mhz: 900, Mhz Limit: 897
Processor Information for processor 7
  Max Mhz: 1300, Current Mhz: 900, Mhz Limit: 897
Processor Information for processor 8
  Max Mhz: 1300, Current Mhz: 900, Mhz Limit: 897
Processor Information for processor 9
  Max Mhz: 1300, Current Mhz: 900, Mhz Limit: 897
Processor Information for processor 10
  Max Mhz: 1300, Current Mhz: 900, Mhz Limit: 897
Processor Information for processor 11
  Max Mhz: 1300, Current Mhz: 900, Mhz Limit: 897

Memory: 4k page, system-wide physical 16052M (4887M free)
TotalPageFile size 33124M (AvailPageFile size 72M)
current process WorkingSet (physical memory assigned to process): 13M, peak: 13M
current process commit charge ("private bytes"): 64M, peak: 316M

vm_info: Java HotSpot(TM) 64-Bit Server VM (22.0.1+8-16) for windows-amd64 JRE (22.0.1+8-16), built on 2024-03-12T10:33:16Z by "mach5one" with MS VC++ 17.6 (VS2022)

END.
